c:\users\my\source\repos\lab5\lab5\debug\vc141.pdb
c:\users\my\source\repos\lab5\lab5\debug\myform.obj
c:\users\my\source\repos\lab5\lab5\debug\vbot.obj
c:\users\my\source\repos\lab5\lab5\debug\.netframework,version=v4.5.2.assemblyattributes.obj
c:\users\my\source\repos\lab5\lab5\debug\.netframework,version=v4.5.2.assemblyattributes.asm
c:\users\my\source\repos\lab5\lab5\debug\lab5.myform.resources
c:\users\my\source\repos\lab5\debug\lab5.exe
c:\users\my\source\repos\lab5\debug\lab5.pdb
c:\users\my\source\repos\lab5\lab5\debug\lab5.vcxproj.generateresource.cache
c:\users\my\source\repos\lab5\lab5\debug\lab5.vcxprojresolveassemblyreference.cache
c:\users\my\source\repos\lab5\lab5\debug\stdafx.obj
c:\users\my\source\repos\lab5\lab5\debug\lab5.tlog\cl.command.1.tlog
c:\users\my\source\repos\lab5\lab5\debug\lab5.tlog\cl.read.1.tlog
c:\users\my\source\repos\lab5\lab5\debug\lab5.tlog\cl.write.1.tlog
c:\users\my\source\repos\lab5\lab5\debug\lab5.tlog\lab5.write.1u.tlog
c:\users\my\source\repos\lab5\lab5\debug\lab5.tlog\link.command.1.tlog
c:\users\my\source\repos\lab5\lab5\debug\lab5.tlog\link.read.1.tlog
c:\users\my\source\repos\lab5\lab5\debug\lab5.tlog\link.write.1.tlog
c:\users\my\source\repos\lab5\lab5\debug\lab5.tlog\metagen.read.1.tlog
c:\users\my\source\repos\lab5\lab5\debug\lab5.tlog\metagen.write.1.tlog
c:\users\my\source\repos\lab5\lab5\debug\lab5.tlog\tzres.dll.bi
