c:\users\my\source\repos\lab5\lab5\debug\vc141.pdb
c:\users\my\source\repos\lab5\lab5\debug\sortedlist.obj
c:\homework\oops2-program3\prog3\prog3\debug\vc141.pdb
c:\homework\oops2-program3\prog3\prog3\debug\vbot.obj
c:\homework\oops2-program3\prog3\prog3\debug\llist.obj
c:\homework\oops2-program3\prog3\prog3\debug\randombot.obj
c:\homework\oops2-program3\prog3\prog3\debug\hidingbot.obj
c:\homework\oops2-program3\prog3\prog3\debug\fighterbot.obj
c:\homework\oops2-program3\prog3\prog3\debug\battlebots.obj
c:\homework\oops2-program3\prog3\prog3\debug\myform.obj
c:\users\my\source\repos\lab5\debug\prog3.exe
c:\users\my\source\repos\lab5\debug\prog3.pdb
c:\users\my\source\repos\prog3\debug\prog3.exe
c:\users\my\source\repos\prog3\debug\prog3.pdb
c:\homework\oops2-program3\prog3\debug\prog3.exe
c:\homework\oops2-program3\prog3\debug\prog3.pdb
c:\users\my\source\repos\lab5\lab5\debug\lab5.myform.resources
c:\users\my\source\repos\lab5\lab5\debug\lab5.battlebots.resources
c:\users\my\source\repos\prog3\prog3\debug\lab5.battlebots.resources
c:\homework\oops2-program3\prog3\prog3\debug\lab5.battlebots.resources
c:\homework\oops2-program3\prog3\prog3\debug\lab5.vcxproj.generateresource.cache
c:\homework\oops2-program3\prog3\prog3\debug\lab5.vcxprojresolveassemblyreference.cache
c:\homework\oops2-program3\prog3\prog3\debug\prog3.vcxproj.generateresource.cache
c:\homework\oops2-program3\prog3\prog3\debug\prog3.vcxprojresolveassemblyreference.cache
c:\homework\oops2-program3\prog3\prog3\debug\.netframework,version=v4.5.2.assemblyattributes.obj
c:\homework\oops2-program3\prog3\prog3\debug\sortedlist.obj
c:\homework\oops2-program3\prog3\prog3\debug\lab5.myform.resources
c:\homework\oops2-program3\prog3\prog3\debug\prog3.tlog\cl.command.1.tlog
c:\homework\oops2-program3\prog3\prog3\debug\prog3.tlog\cl.read.1.tlog
c:\homework\oops2-program3\prog3\prog3\debug\prog3.tlog\cl.write.1.tlog
c:\homework\oops2-program3\prog3\prog3\debug\prog3.tlog\link.command.1.tlog
c:\homework\oops2-program3\prog3\prog3\debug\prog3.tlog\link.read.1.tlog
c:\homework\oops2-program3\prog3\prog3\debug\prog3.tlog\link.write.1.tlog
c:\homework\oops2-program3\prog3\prog3\debug\prog3.tlog\metagen.read.1.tlog
c:\homework\oops2-program3\prog3\prog3\debug\prog3.tlog\metagen.write.1.tlog
c:\homework\oops2-program3\prog3\prog3\debug\prog3.tlog\prog3.write.1u.tlog
c:\homework\oops2-program3\prog3\prog3\debug\prog3.tlog\tzres.dll.bi
